<?xml version="1.0" encoding="UTF-8"?>
<!-- Generated by org.testng.reporters.JUnitReportReporter -->
<testsuite skipped="0" hostname="Bis-MacBook-Pro.local" name="Project.TestProject" tests="1" failures="0" timestamp="2020-06-29T15:56:46 ICT" time="6.411" errors="0">
  <testcase name="RunningAllTests" time="6.411" classname="Project.TestProject"/>
  <system-out/>
</testsuite> <!-- Project.TestProject -->
