<?xml version="1.0" encoding="UTF-8"?>
<!-- Generated by org.testng.reporters.JUnitReportReporter -->
<testsuite skipped="0" hostname="Bis-MacBook-Pro.local" name="Project.TestProject" tests="1" failures="0" timestamp="2020-06-30T08:17:42 ICT" time="5.962" errors="0">
  <testcase name="RunningAllTests" time="5.962" classname="Project.TestProject"/>
  <system-out/>
</testsuite> <!-- Project.TestProject -->
