<?xml version="1.0" encoding="UTF-8"?>
<!-- Generated by org.testng.reporters.JUnitReportReporter -->
<testsuite skipped="0" hostname="Bis-MacBook-Pro.local" name="API.TestAPI" tests="1" failures="0" timestamp="2020-06-29T15:56:46 ICT" time="2.100" errors="0">
  <testcase name="Test_API" time="2.100" classname="API.TestAPI"/>
  <system-out/>
</testsuite> <!-- API.TestAPI -->
